This is pdfTeX, Version 3.14159265-2.6-1.40.15 (MiKTeX 2.9 64-bit) (preloaded format=pdflatex 2015.10.5)  30 APR 2016 18:10
entering extended mode
**membrete.tex
(membrete.tex
LaTeX2e <2014/05/01>
Babel <3.9l> and hyphenation patterns for 68 languages loaded.

! LaTeX Error: Missing \begin{document}.

See the LaTeX manual or LaTeX Companion for explanation.
Type  H <return>  for immediate help.
 ...                                              
                                                  
l.1 \begin{center}
                  
You're in trouble here.  Try typing  <return>  to proceed.
If that doesn't work, type  X <return>  to quit.


Overfull \hbox (20.0pt too wide) in paragraph at lines 1--1
[] 
 []


LaTeX Font Warning: Font shape `OT1/cmr/m/n' in size <16> not available
(Font)              size <17.28> substituted on input line 2.


Overfull \hbox (114.6532pt too wide) in paragraph at lines 3--3
 \OT1/cmr/m/n/17.28 UNIVERSIDAD 
 []


Overfull \hbox (85.26729pt too wide) in paragraph at lines 3--3
 \OT1/cmr/m/n/17.28 CATOLICA 
 []

Missing character: There is no Ñ in font cmr17!
Missing character: There is no Ó in font cmr17!

Overfull \hbox (86.8437pt too wide) in paragraph at lines 4--4
 []\OT1/cmr/m/n/17.28 ``NUESTRA 
 []


Overfull \hbox (24.89978pt too wide) in paragraph at lines 4--4
 \OT1/cmr/m/n/17.28 SE- 
 []


Overfull \hbox (36.17747pt too wide) in paragraph at lines 4--4
 \OT1/cmr/m/n/17.28 ORA 
 []


Overfull \hbox (23.06508pt too wide) in paragraph at lines 4--4
 \OT1/cmr/m/n/17.28 DE 
 []


Overfull \hbox (21.93315pt too wide) in paragraph at lines 4--4
 \OT1/cmr/m/n/17.28 LA 
 []


Overfull \hbox (81.87154pt too wide) in paragraph at lines 4--4
 \OT1/cmr/m/n/17.28 ASUNCIN" 
 []

Missing character: There is no Á in font cmr17!

Overfull \hbox (69.86887pt too wide) in paragraph at lines 5--5
 []\OT1/cmr/m/n/17.28 CAMPUS 
 []


Overfull \hbox (44.55377pt too wide) in paragraph at lines 5--5
 \OT1/cmr/m/n/17.28 ALTO 
 []


Overfull \hbox (57.20094pt too wide) in paragraph at lines 5--5
 \OT1/cmr/m/n/17.28 PARAN 
 []

Missing character: There is no Í in font cmr12!

Overfull \hbox (76.54753pt too wide) in paragraph at lines 7--8
 []\OT1/cmr/m/n/14.4 FACULTAD 
 []


Overfull \hbox (20.36145pt too wide) in paragraph at lines 7--8
 \OT1/cmr/m/n/14.4 DE 
 []


Overfull \hbox (40.1329pt too wide) in paragraph at lines 7--8
 \OT1/cmr/m/n/14.4 CIEN- 
 []


Overfull \hbox (33.67297pt too wide) in paragraph at lines 7--8
 \OT1/cmr/m/n/14.4 CIAS 
 []


Overfull \hbox (10.5699pt too wide) in paragraph at lines 7--8
 \OT1/cmr/m/n/14.4 Y 
 []


Overfull \hbox (34.65959pt too wide) in paragraph at lines 7--8
 \OT1/cmr/m/n/14.4 TEC- 
 []


Overfull \hbox (62.946pt too wide) in paragraph at lines 7--8
 \OT1/cmr/m/n/14.4 NOLOGA 
 []

)
! Emergency stop.
<*> membrete.tex
                
*** (job aborted, no legal \end found)

 
Here is how much of TeX's memory you used:
 13 strings out of 493698
 167 string characters out of 3144412
 53149 words of memory out of 3000000
 3437 multiletter control sequences out of 15000+200000
 4237 words of font info for 16 fonts, out of 3000000 for 9000
 1025 hyphenation exceptions out of 8191
 14i,1n,9p,62b,129s stack positions out of 5000i,500n,10000p,200000b,50000s
!  ==> Fatal error occurred, no output PDF file produced!
